app/build/intermediates/manifest_merge_blame_file/debug/manifest-merger-blame-debug-report.txt
1<?xml version="1.0" encoding="utf-8"?>
2<manifest xmlns:android="http://schemas.android.com/apk/res/android"
3    package="com.example.game"
4    android:versionCode="1"
5    android:versionName="1.0" >
6
7    <uses-sdk
8        android:minSdkVersion="28"
8-->Game/app/AndroidManifest.xml
9        android:targetSdkVersion="29" />
9-->Game/app/AndroidManifest.xml
10
11    <application
11-->Game/app/AndroidManifest.xml:4:5-22:19
12        android:allowBackup="true"
12-->Game/app/AndroidManifest.xml:5:13-39
13        android:appCategory="game"
13-->Game/app/AndroidManifest.xml:8:13-39
14        android:debuggable="true"
15        android:extractNativeLibs="false"
16        android:icon="@mipmap/ic_launcher"
16-->Game/app/AndroidManifest.xml:6:13-47
17        android:isGame="true"
17-->Game/app/AndroidManifest.xml:7:13-34
18        android:label="@string/app_name"
18-->Game/app/AndroidManifest.xml:9:13-45
19        android:theme="@style/GdxTheme" >
19-->Game/app/AndroidManifest.xml:10:13-44
20        <activity
20-->Game/app/AndroidManifest.xml:11:9-21:20
21            android:name="com.example.game.AndroidLauncher"
21-->Game/app/AndroidManifest.xml:12:17-64
22            android:configChanges="keyboard|keyboardHidden|navigation|orientation|screenSize|screenLayout"
22-->Game/app/AndroidManifest.xml:15:17-111
23            android:exported="true"
23-->Game/app/AndroidManifest.xml:16:17-40
24            android:label="@string/app_name"
24-->Game/app/AndroidManifest.xml:13:17-49
25            android:screenOrientation="portrait" >
25-->Game/app/AndroidManifest.xml:14:17-53
26            <intent-filter>
26-->Game/app/AndroidManifest.xml:17:13-20:29
27                <action android:name="android.intent.action.MAIN" />
27-->Game/app/AndroidManifest.xml:18:17-68
27-->Game/app/AndroidManifest.xml:18:25-66
28
29                <category android:name="android.intent.category.LAUNCHER" />
29-->Game/app/AndroidManifest.xml:19:17-76
29-->Game/app/AndroidManifest.xml:19:27-74
30            </intent-filter>
31        </activity>
32    </application>
33
34</manifest>